{"/home/cins430/Gradebook/auth.js": {"path":"/home/cins430/Gradebook/auth.js","statementMap":{"0":{"start":{"line":1,"column":10},"end":{"line":1,"column":33}},"1":{"start":{"line":4,"column":11},"end":{"line":4,"column":35}},"2":{"start":{"line":6,"column":13},"end":{"line":6,"column":37}},"3":{"start":{"line":9,"column":21},"end":{"line":9,"column":50}},"4":{"start":{"line":10,"column":21},"end":{"line":10,"column":46}},"5":{"start":{"line":12,"column":2},"end":{"line":15,"column":81}},"6":{"start":{"line":13,"column":4},"end":{"line":13,"column":79}},"7":{"start":{"line":14,"column":7},"end":{"line":15,"column":81}},"8":{"start":{"line":15,"column":4},"end":{"line":15,"column":81}},"9":{"start":{"line":16,"column":2},"end":{"line":24,"column":4}},"10":{"start":{"line":17,"column":4},"end":{"line":20,"column":5}},"11":{"start":{"line":18,"column":6},"end":{"line":18,"column":22}},"12":{"start":{"line":19,"column":6},"end":{"line":19,"column":92}},"13":{"start":{"line":21,"column":4},"end":{"line":21,"column":27}},"14":{"start":{"line":23,"column":4},"end":{"line":23,"column":10}},"15":{"start":{"line":29,"column":2},"end":{"line":33,"column":57}},"16":{"start":{"line":30,"column":15},"end":{"line":30,"column":46}},"17":{"start":{"line":31,"column":4},"end":{"line":31,"column":103}},"18":{"start":{"line":31,"column":24},"end":{"line":31,"column":103}},"19":{"start":{"line":32,"column":4},"end":{"line":32,"column":10}},"20":{"start":{"line":33,"column":16},"end":{"line":33,"column":31}},"21":{"start":{"line":33,"column":32},"end":{"line":33,"column":55}},"22":{"start":{"line":36,"column":0},"end":{"line":36,"column":44}}},"fnMap":{"0":{"name":"authCheck","decl":{"start":{"line":8,"column":9},"end":{"line":8,"column":18}},"loc":{"start":{"line":8,"column":35},"end":{"line":26,"column":1}},"line":8},"1":{"name":"(anonymous_1)","decl":{"start":{"line":16,"column":35},"end":{"line":16,"column":36}},"loc":{"start":{"line":16,"column":58},"end":{"line":24,"column":3}},"line":16},"2":{"name":"teacherCheck","decl":{"start":{"line":28,"column":15},"end":{"line":28,"column":27}},"loc":{"start":{"line":28,"column":44},"end":{"line":34,"column":1}},"line":28}},"branchMap":{"0":{"loc":{"start":{"line":12,"column":2},"end":{"line":15,"column":81}},"type":"if","locations":[{"start":{"line":12,"column":2},"end":{"line":15,"column":81}},{"start":{"line":12,"column":2},"end":{"line":15,"column":81}}],"line":12},"1":{"loc":{"start":{"line":12,"column":6},"end":{"line":12,"column":36}},"type":"binary-expr","locations":[{"start":{"line":12,"column":6},"end":{"line":12,"column":19}},{"start":{"line":12,"column":23},"end":{"line":12,"column":36}}],"line":12},"2":{"loc":{"start":{"line":14,"column":7},"end":{"line":15,"column":81}},"type":"if","locations":[{"start":{"line":14,"column":7},"end":{"line":15,"column":81}},{"start":{"line":14,"column":7},"end":{"line":15,"column":81}}],"line":14},"3":{"loc":{"start":{"line":17,"column":4},"end":{"line":20,"column":5}},"type":"if","locations":[{"start":{"line":17,"column":4},"end":{"line":20,"column":5}},{"start":{"line":17,"column":4},"end":{"line":20,"column":5}}],"line":17},"4":{"loc":{"start":{"line":31,"column":4},"end":{"line":31,"column":103}},"type":"if","locations":[{"start":{"line":31,"column":4},"end":{"line":31,"column":103}},{"start":{"line":31,"column":4},"end":{"line":31,"column":103}}],"line":31}},"s":{"0":3,"1":3,"2":3,"3":2,"4":2,"5":2,"6":0,"7":2,"8":0,"9":2,"10":2,"11":0,"12":0,"13":2,"14":2,"15":2,"16":2,"17":2,"18":0,"19":2,"20":0,"21":0,"22":3},"f":{"0":2,"1":2,"2":2},"b":{"0":[0,2],"1":[2,2],"2":[0,2],"3":[0,2],"4":[0,2]},"_coverageSchema":"43e27e138ebf9cfc5966b082cf9a028302ed4184","hash":"fc36bca83363068daf8c540456ec8e6ad8b020f9"}
,"/home/cins430/Gradebook/index.js": {"path":"/home/cins430/Gradebook/index.js","statementMap":{"0":{"start":{"line":2,"column":0},"end":{"line":2,"column":26}},"1":{"start":{"line":5,"column":14},"end":{"line":5,"column":32}},"2":{"start":{"line":6,"column":10},"end":{"line":6,"column":19}},"3":{"start":{"line":7,"column":13},"end":{"line":7,"column":29}},"4":{"start":{"line":10,"column":15},"end":{"line":10,"column":34}},"5":{"start":{"line":11,"column":17},"end":{"line":11,"column":36}},"6":{"start":{"line":12,"column":19},"end":{"line":12,"column":41}},"7":{"start":{"line":13,"column":21},"end":{"line":13,"column":45}},"8":{"start":{"line":14,"column":12},"end":{"line":14,"column":35}},"9":{"start":{"line":15,"column":13},"end":{"line":15,"column":28}},"10":{"start":{"line":18,"column":11},"end":{"line":18,"column":35}},"11":{"start":{"line":19,"column":12},"end":{"line":19,"column":38}},"12":{"start":{"line":20,"column":12},"end":{"line":20,"column":37}},"13":{"start":{"line":21,"column":19},"end":{"line":21,"column":49}},"14":{"start":{"line":24,"column":34},"end":{"line":24,"column":51}},"15":{"start":{"line":27,"column":0},"end":{"line":30,"column":3}},"16":{"start":{"line":28,"column":2},"end":{"line":28,"column":46}},"17":{"start":{"line":29,"column":2},"end":{"line":29,"column":18}},"18":{"start":{"line":32,"column":11},"end":{"line":32,"column":15}},"19":{"start":{"line":35,"column":0},"end":{"line":35,"column":50}},"20":{"start":{"line":38,"column":0},"end":{"line":38,"column":16}},"21":{"start":{"line":39,"column":0},"end":{"line":39,"column":47}},"22":{"start":{"line":42,"column":0},"end":{"line":42,"column":39}},"23":{"start":{"line":46,"column":0},"end":{"line":46,"column":44}},"24":{"start":{"line":49,"column":0},"end":{"line":49,"column":50}},"25":{"start":{"line":52,"column":0},"end":{"line":52,"column":23}},"26":{"start":{"line":54,"column":13},"end":{"line":54,"column":32}},"27":{"start":{"line":55,"column":0},"end":{"line":55,"column":23}},"28":{"start":{"line":60,"column":0},"end":{"line":66,"column":2}},"29":{"start":{"line":61,"column":22},"end":{"line":61,"column":55}},"30":{"start":{"line":62,"column":2},"end":{"line":62,"column":39}},"31":{"start":{"line":63,"column":2},"end":{"line":63,"column":28}},"32":{"start":{"line":64,"column":2},"end":{"line":64,"column":25}},"33":{"start":{"line":69,"column":0},"end":{"line":79,"column":2}},"34":{"start":{"line":70,"column":2},"end":{"line":78,"column":25}},"35":{"start":{"line":71,"column":21},"end":{"line":71,"column":72}},"36":{"start":{"line":72,"column":4},"end":{"line":73,"column":98}},"37":{"start":{"line":72,"column":21},"end":{"line":72,"column":58}},"38":{"start":{"line":73,"column":9},"end":{"line":73,"column":98}},"39":{"start":{"line":73,"column":50},"end":{"line":73,"column":98}},"40":{"start":{"line":74,"column":19},"end":{"line":74,"column":47}},"41":{"start":{"line":75,"column":4},"end":{"line":75,"column":53}},"42":{"start":{"line":76,"column":4},"end":{"line":76,"column":25}},"43":{"start":{"line":77,"column":4},"end":{"line":77,"column":22}},"44":{"start":{"line":78,"column":16},"end":{"line":78,"column":23}},"45":{"start":{"line":82,"column":0},"end":{"line":106,"column":3}},"46":{"start":{"line":84,"column":22},"end":{"line":84,"column":33}},"47":{"start":{"line":86,"column":13},"end":{"line":86,"column":58}},"48":{"start":{"line":87,"column":2},"end":{"line":105,"column":3}},"49":{"start":{"line":87,"column":13},"end":{"line":87,"column":39}},"50":{"start":{"line":89,"column":4},"end":{"line":104,"column":7}},"51":{"start":{"line":90,"column":6},"end":{"line":99,"column":7}},"52":{"start":{"line":90,"column":26},"end":{"line":90,"column":106}},"53":{"start":{"line":92,"column":20},"end":{"line":94,"column":58}},"54":{"start":{"line":95,"column":8},"end":{"line":98,"column":68}},"55":{"start":{"line":101,"column":6},"end":{"line":101,"column":47}},"56":{"start":{"line":102,"column":6},"end":{"line":102,"column":22}},"57":{"start":{"line":103,"column":6},"end":{"line":103,"column":90}},"58":{"start":{"line":110,"column":0},"end":{"line":119,"column":2}},"59":{"start":{"line":111,"column":2},"end":{"line":118,"column":41}},"60":{"start":{"line":112,"column":12},"end":{"line":112,"column":92}},"61":{"start":{"line":113,"column":4},"end":{"line":117,"column":5}},"62":{"start":{"line":113,"column":14},"end":{"line":113,"column":48}},"63":{"start":{"line":115,"column":6},"end":{"line":115,"column":22}},"64":{"start":{"line":116,"column":6},"end":{"line":116,"column":38}},"65":{"start":{"line":118,"column":16},"end":{"line":118,"column":31}},"66":{"start":{"line":118,"column":32},"end":{"line":118,"column":39}},"67":{"start":{"line":121,"column":0},"end":{"line":139,"column":2}},"68":{"start":{"line":122,"column":2},"end":{"line":138,"column":25}},"69":{"start":{"line":123,"column":20},"end":{"line":123,"column":75}},"70":{"start":{"line":124,"column":4},"end":{"line":124,"column":52}},"71":{"start":{"line":124,"column":20},"end":{"line":124,"column":52}},"72":{"start":{"line":125,"column":15},"end":{"line":125,"column":63}},"73":{"start":{"line":126,"column":4},"end":{"line":126,"column":65}},"74":{"start":{"line":126,"column":15},"end":{"line":126,"column":65}},"75":{"start":{"line":127,"column":4},"end":{"line":127,"column":49}},"76":{"start":{"line":127,"column":15},"end":{"line":127,"column":49}},"77":{"start":{"line":128,"column":4},"end":{"line":128,"column":48}},"78":{"start":{"line":128,"column":27},"end":{"line":128,"column":48}},"79":{"start":{"line":129,"column":4},"end":{"line":129,"column":100}},"80":{"start":{"line":130,"column":14},"end":{"line":130,"column":16}},"81":{"start":{"line":131,"column":4},"end":{"line":136,"column":5}},"82":{"start":{"line":132,"column":6},"end":{"line":132,"column":23}},"83":{"start":{"line":132,"column":15},"end":{"line":132,"column":23}},"84":{"start":{"line":133,"column":16},"end":{"line":133,"column":53}},"85":{"start":{"line":134,"column":6},"end":{"line":134,"column":22}},"86":{"start":{"line":134,"column":14},"end":{"line":134,"column":22}},"87":{"start":{"line":135,"column":6},"end":{"line":135,"column":82}},"88":{"start":{"line":135,"column":32},"end":{"line":135,"column":82}},"89":{"start":{"line":137,"column":4},"end":{"line":137,"column":17}},"90":{"start":{"line":138,"column":16},"end":{"line":138,"column":23}},"91":{"start":{"line":142,"column":0},"end":{"line":146,"column":2}},"92":{"start":{"line":143,"column":2},"end":{"line":143,"column":18}},"93":{"start":{"line":144,"column":2},"end":{"line":144,"column":31}},"94":{"start":{"line":145,"column":2},"end":{"line":145,"column":15}},"95":{"start":{"line":149,"column":0},"end":{"line":149,"column":23}},"96":{"start":{"line":151,"column":0},"end":{"line":151,"column":30}}},"fnMap":{"0":{"name":"(anonymous_0)","decl":{"start":{"line":27,"column":73},"end":{"line":27,"column":74}},"loc":{"start":{"line":27,"column":82},"end":{"line":30,"column":1}},"line":27},"1":{"name":"(anonymous_1)","decl":{"start":{"line":60,"column":54},"end":{"line":60,"column":55}},"loc":{"start":{"line":60,"column":80},"end":{"line":66,"column":1}},"line":60},"2":{"name":"(anonymous_2)","decl":{"start":{"line":69,"column":75},"end":{"line":69,"column":76}},"loc":{"start":{"line":69,"column":101},"end":{"line":79,"column":1}},"line":69},"3":{"name":"(anonymous_3)","decl":{"start":{"line":82,"column":22},"end":{"line":82,"column":23}},"loc":{"start":{"line":82,"column":48},"end":{"line":106,"column":1}},"line":82},"4":{"name":"(anonymous_4)","decl":{"start":{"line":89,"column":58},"end":{"line":89,"column":59}},"loc":{"start":{"line":89,"column":83},"end":{"line":100,"column":5}},"line":89},"5":{"name":"(anonymous_5)","decl":{"start":{"line":100,"column":13},"end":{"line":100,"column":14}},"loc":{"start":{"line":100,"column":22},"end":{"line":104,"column":5}},"line":100},"6":{"name":"(anonymous_6)","decl":{"start":{"line":110,"column":62},"end":{"line":110,"column":63}},"loc":{"start":{"line":110,"column":88},"end":{"line":119,"column":1}},"line":110},"7":{"name":"(anonymous_7)","decl":{"start":{"line":121,"column":39},"end":{"line":121,"column":40}},"loc":{"start":{"line":121,"column":65},"end":{"line":139,"column":1}},"line":121},"8":{"name":"(anonymous_8)","decl":{"start":{"line":142,"column":11},"end":{"line":142,"column":12}},"loc":{"start":{"line":142,"column":42},"end":{"line":146,"column":1}},"line":142}},"branchMap":{"0":{"loc":{"start":{"line":72,"column":4},"end":{"line":73,"column":98}},"type":"if","locations":[{"start":{"line":72,"column":4},"end":{"line":73,"column":98}},{"start":{"line":72,"column":4},"end":{"line":73,"column":98}}],"line":72},"1":{"loc":{"start":{"line":73,"column":9},"end":{"line":73,"column":98}},"type":"if","locations":[{"start":{"line":73,"column":9},"end":{"line":73,"column":98}},{"start":{"line":73,"column":9},"end":{"line":73,"column":98}}],"line":73},"2":{"loc":{"start":{"line":87,"column":2},"end":{"line":105,"column":3}},"type":"if","locations":[{"start":{"line":87,"column":2},"end":{"line":105,"column":3}},{"start":{"line":87,"column":2},"end":{"line":105,"column":3}}],"line":87},"3":{"loc":{"start":{"line":90,"column":6},"end":{"line":99,"column":7}},"type":"if","locations":[{"start":{"line":90,"column":6},"end":{"line":99,"column":7}},{"start":{"line":90,"column":6},"end":{"line":99,"column":7}}],"line":90},"4":{"loc":{"start":{"line":113,"column":4},"end":{"line":117,"column":5}},"type":"if","locations":[{"start":{"line":113,"column":4},"end":{"line":117,"column":5}},{"start":{"line":113,"column":4},"end":{"line":117,"column":5}}],"line":113},"5":{"loc":{"start":{"line":124,"column":4},"end":{"line":124,"column":52}},"type":"if","locations":[{"start":{"line":124,"column":4},"end":{"line":124,"column":52}},{"start":{"line":124,"column":4},"end":{"line":124,"column":52}}],"line":124},"6":{"loc":{"start":{"line":126,"column":4},"end":{"line":126,"column":65}},"type":"if","locations":[{"start":{"line":126,"column":4},"end":{"line":126,"column":65}},{"start":{"line":126,"column":4},"end":{"line":126,"column":65}}],"line":126},"7":{"loc":{"start":{"line":127,"column":4},"end":{"line":127,"column":49}},"type":"if","locations":[{"start":{"line":127,"column":4},"end":{"line":127,"column":49}},{"start":{"line":127,"column":4},"end":{"line":127,"column":49}}],"line":127},"8":{"loc":{"start":{"line":128,"column":4},"end":{"line":128,"column":48}},"type":"if","locations":[{"start":{"line":128,"column":4},"end":{"line":128,"column":48}},{"start":{"line":128,"column":4},"end":{"line":128,"column":48}}],"line":128},"9":{"loc":{"start":{"line":132,"column":6},"end":{"line":132,"column":23}},"type":"if","locations":[{"start":{"line":132,"column":6},"end":{"line":132,"column":23}},{"start":{"line":132,"column":6},"end":{"line":132,"column":23}}],"line":132},"10":{"loc":{"start":{"line":134,"column":6},"end":{"line":134,"column":22}},"type":"if","locations":[{"start":{"line":134,"column":6},"end":{"line":134,"column":22}},{"start":{"line":134,"column":6},"end":{"line":134,"column":22}}],"line":134},"11":{"loc":{"start":{"line":135,"column":6},"end":{"line":135,"column":82}},"type":"if","locations":[{"start":{"line":135,"column":6},"end":{"line":135,"column":82}},{"start":{"line":135,"column":6},"end":{"line":135,"column":82}}],"line":135},"12":{"loc":{"start":{"line":144,"column":13},"end":{"line":144,"column":30}},"type":"binary-expr","locations":[{"start":{"line":144,"column":13},"end":{"line":144,"column":23}},{"start":{"line":144,"column":27},"end":{"line":144,"column":30}}],"line":144}},"s":{"0":3,"1":3,"2":3,"3":3,"4":3,"5":3,"6":3,"7":3,"8":3,"9":3,"10":3,"11":3,"12":3,"13":3,"14":3,"15":3,"16":0,"17":0,"18":3,"19":3,"20":3,"21":3,"22":3,"23":3,"24":3,"25":3,"26":3,"27":3,"28":3,"29":0,"30":0,"31":0,"32":0,"33":3,"34":0,"35":0,"36":0,"37":0,"38":0,"39":0,"40":0,"41":0,"42":0,"43":0,"44":0,"45":3,"46":1,"47":1,"48":1,"49":0,"50":1,"51":1,"52":0,"53":1,"54":1,"55":0,"56":0,"57":0,"58":3,"59":0,"60":0,"61":0,"62":0,"63":0,"64":0,"65":0,"66":0,"67":3,"68":0,"69":0,"70":0,"71":0,"72":0,"73":0,"74":0,"75":0,"76":0,"77":0,"78":0,"79":0,"80":0,"81":0,"82":0,"83":0,"84":0,"85":0,"86":0,"87":0,"88":0,"89":0,"90":0,"91":3,"92":0,"93":0,"94":0,"95":3,"96":3},"f":{"0":0,"1":0,"2":0,"3":1,"4":1,"5":0,"6":0,"7":0,"8":0},"b":{"0":[0,0],"1":[0,0],"2":[0,1],"3":[0,1],"4":[0,0],"5":[0,0],"6":[0,0],"7":[0,0],"8":[0,0],"9":[0,0],"10":[0,0],"11":[0,0],"12":[0,0]},"_coverageSchema":"43e27e138ebf9cfc5966b082cf9a028302ed4184","hash":"c205e135a2ea33c01bba5203d78ad27fd049ee77"}
,"/home/cins430/Gradebook/models/assignment.js": {"path":"/home/cins430/Gradebook/models/assignment.js","statementMap":{"0":{"start":{"line":1,"column":15},"end":{"line":1,"column":34}},"1":{"start":{"line":3,"column":23},"end":{"line":9,"column":2}},"2":{"start":{"line":11,"column":0},"end":{"line":11,"column":64}}},"fnMap":{},"branchMap":{},"s":{"0":3,"1":3,"2":3},"f":{},"b":{},"_coverageSchema":"43e27e138ebf9cfc5966b082cf9a028302ed4184","hash":"49973082eae4d9d8b5a8517899aa47e4ce54532e"}
,"/home/cins430/Gradebook/models/course.js": {"path":"/home/cins430/Gradebook/models/course.js","statementMap":{"0":{"start":{"line":1,"column":15},"end":{"line":1,"column":34}},"1":{"start":{"line":3,"column":19},"end":{"line":11,"column":2}},"2":{"start":{"line":13,"column":0},"end":{"line":13,"column":56}}},"fnMap":{},"branchMap":{},"s":{"0":3,"1":3,"2":3},"f":{},"b":{},"_coverageSchema":"43e27e138ebf9cfc5966b082cf9a028302ed4184","hash":"ce8bbf52e4a284f7ef2535252ee46b4d48fbab92"}
,"/home/cins430/Gradebook/models/grade.js": {"path":"/home/cins430/Gradebook/models/grade.js","statementMap":{"0":{"start":{"line":1,"column":15},"end":{"line":1,"column":34}},"1":{"start":{"line":3,"column":18},"end":{"line":9,"column":2}},"2":{"start":{"line":11,"column":0},"end":{"line":11,"column":54}}},"fnMap":{},"branchMap":{},"s":{"0":3,"1":3,"2":3},"f":{},"b":{},"_coverageSchema":"43e27e138ebf9cfc5966b082cf9a028302ed4184","hash":"34c855b4b30830e5904c53bca5bd839c40bec724"}
,"/home/cins430/Gradebook/models/user.js": {"path":"/home/cins430/Gradebook/models/user.js","statementMap":{"0":{"start":{"line":1,"column":15},"end":{"line":1,"column":34}},"1":{"start":{"line":3,"column":17},"end":{"line":9,"column":2}},"2":{"start":{"line":11,"column":0},"end":{"line":11,"column":52}}},"fnMap":{},"branchMap":{},"s":{"0":3,"1":3,"2":3},"f":{},"b":{},"_coverageSchema":"43e27e138ebf9cfc5966b082cf9a028302ed4184","hash":"e03793cbad021b301cae3785916ae214ef8c6185"}
,"/home/cins430/Gradebook/routes/assignmentRoutes.js": {"path":"/home/cins430/Gradebook/routes/assignmentRoutes.js","statementMap":{"0":{"start":{"line":3,"column":14},"end":{"line":3,"column":32}},"1":{"start":{"line":4,"column":13},"end":{"line":4,"column":29}},"2":{"start":{"line":6,"column":17},"end":{"line":6,"column":48}},"3":{"start":{"line":8,"column":34},"end":{"line":8,"column":52}},"4":{"start":{"line":11,"column":0},"end":{"line":19,"column":2}},"5":{"start":{"line":12,"column":2},"end":{"line":18,"column":25}},"6":{"start":{"line":13,"column":23},"end":{"line":13,"column":71}},"7":{"start":{"line":14,"column":4},"end":{"line":15,"column":95}},"8":{"start":{"line":14,"column":21},"end":{"line":14,"column":60}},"9":{"start":{"line":15,"column":9},"end":{"line":15,"column":95}},"10":{"start":{"line":15,"column":50},"end":{"line":15,"column":95}},"11":{"start":{"line":16,"column":17},"end":{"line":16,"column":68}},"12":{"start":{"line":17,"column":4},"end":{"line":17,"column":20}},"13":{"start":{"line":18,"column":16},"end":{"line":18,"column":23}},"14":{"start":{"line":22,"column":0},"end":{"line":36,"column":2}},"15":{"start":{"line":23,"column":2},"end":{"line":35,"column":25}},"16":{"start":{"line":24,"column":23},"end":{"line":24,"column":71}},"17":{"start":{"line":25,"column":4},"end":{"line":26,"column":95}},"18":{"start":{"line":25,"column":21},"end":{"line":25,"column":60}},"19":{"start":{"line":26,"column":9},"end":{"line":26,"column":95}},"20":{"start":{"line":26,"column":50},"end":{"line":26,"column":95}},"21":{"start":{"line":27,"column":17},"end":{"line":27,"column":68}},"22":{"start":{"line":28,"column":16},"end":{"line":28,"column":17}},"23":{"start":{"line":29,"column":16},"end":{"line":29,"column":17}},"24":{"start":{"line":30,"column":4},"end":{"line":33,"column":5}},"25":{"start":{"line":31,"column":6},"end":{"line":31,"column":26}},"26":{"start":{"line":32,"column":6},"end":{"line":32,"column":26}},"27":{"start":{"line":34,"column":4},"end":{"line":34,"column":36}},"28":{"start":{"line":35,"column":16},"end":{"line":35,"column":23}},"29":{"start":{"line":39,"column":0},"end":{"line":46,"column":2}},"30":{"start":{"line":40,"column":2},"end":{"line":45,"column":25}},"31":{"start":{"line":41,"column":23},"end":{"line":41,"column":71}},"32":{"start":{"line":42,"column":4},"end":{"line":43,"column":95}},"33":{"start":{"line":42,"column":21},"end":{"line":42,"column":60}},"34":{"start":{"line":43,"column":9},"end":{"line":43,"column":95}},"35":{"start":{"line":43,"column":50},"end":{"line":43,"column":95}},"36":{"start":{"line":44,"column":4},"end":{"line":44,"column":24}},"37":{"start":{"line":45,"column":16},"end":{"line":45,"column":23}},"38":{"start":{"line":48,"column":0},"end":{"line":48,"column":23}}},"fnMap":{"0":{"name":"(anonymous_0)","decl":{"start":{"line":11,"column":53},"end":{"line":11,"column":54}},"loc":{"start":{"line":11,"column":79},"end":{"line":19,"column":1}},"line":11},"1":{"name":"(anonymous_1)","decl":{"start":{"line":22,"column":50},"end":{"line":22,"column":51}},"loc":{"start":{"line":22,"column":76},"end":{"line":36,"column":1}},"line":22},"2":{"name":"(anonymous_2)","decl":{"start":{"line":39,"column":46},"end":{"line":39,"column":47}},"loc":{"start":{"line":39,"column":72},"end":{"line":46,"column":1}},"line":39}},"branchMap":{"0":{"loc":{"start":{"line":14,"column":4},"end":{"line":15,"column":95}},"type":"if","locations":[{"start":{"line":14,"column":4},"end":{"line":15,"column":95}},{"start":{"line":14,"column":4},"end":{"line":15,"column":95}}],"line":14},"1":{"loc":{"start":{"line":15,"column":9},"end":{"line":15,"column":95}},"type":"if","locations":[{"start":{"line":15,"column":9},"end":{"line":15,"column":95}},{"start":{"line":15,"column":9},"end":{"line":15,"column":95}}],"line":15},"2":{"loc":{"start":{"line":25,"column":4},"end":{"line":26,"column":95}},"type":"if","locations":[{"start":{"line":25,"column":4},"end":{"line":26,"column":95}},{"start":{"line":25,"column":4},"end":{"line":26,"column":95}}],"line":25},"3":{"loc":{"start":{"line":26,"column":9},"end":{"line":26,"column":95}},"type":"if","locations":[{"start":{"line":26,"column":9},"end":{"line":26,"column":95}},{"start":{"line":26,"column":9},"end":{"line":26,"column":95}}],"line":26},"4":{"loc":{"start":{"line":42,"column":4},"end":{"line":43,"column":95}},"type":"if","locations":[{"start":{"line":42,"column":4},"end":{"line":43,"column":95}},{"start":{"line":42,"column":4},"end":{"line":43,"column":95}}],"line":42},"5":{"loc":{"start":{"line":43,"column":9},"end":{"line":43,"column":95}},"type":"if","locations":[{"start":{"line":43,"column":9},"end":{"line":43,"column":95}},{"start":{"line":43,"column":9},"end":{"line":43,"column":95}}],"line":43}},"s":{"0":3,"1":3,"2":3,"3":3,"4":3,"5":0,"6":0,"7":0,"8":0,"9":0,"10":0,"11":0,"12":0,"13":0,"14":3,"15":0,"16":0,"17":0,"18":0,"19":0,"20":0,"21":0,"22":0,"23":0,"24":0,"25":0,"26":0,"27":0,"28":0,"29":3,"30":0,"31":0,"32":0,"33":0,"34":0,"35":0,"36":0,"37":0,"38":3},"f":{"0":0,"1":0,"2":0},"b":{"0":[0,0],"1":[0,0],"2":[0,0],"3":[0,0],"4":[0,0],"5":[0,0]},"_coverageSchema":"43e27e138ebf9cfc5966b082cf9a028302ed4184","hash":"9a14759d169705c85e405bcbcc3715db5fa9ace7"}
,"/home/cins430/Gradebook/routes/courseRoutes.js": {"path":"/home/cins430/Gradebook/routes/courseRoutes.js","statementMap":{"0":{"start":{"line":3,"column":14},"end":{"line":3,"column":32}},"1":{"start":{"line":4,"column":13},"end":{"line":4,"column":29}},"2":{"start":{"line":6,"column":13},"end":{"line":6,"column":40}},"3":{"start":{"line":7,"column":11},"end":{"line":7,"column":36}},"4":{"start":{"line":8,"column":12},"end":{"line":8,"column":38}},"5":{"start":{"line":9,"column":17},"end":{"line":9,"column":48}},"6":{"start":{"line":11,"column":22},"end":{"line":11,"column":48}},"7":{"start":{"line":12,"column":10},"end":{"line":12,"column":29}},"8":{"start":{"line":14,"column":34},"end":{"line":14,"column":52}},"9":{"start":{"line":19,"column":0},"end":{"line":30,"column":2}},"10":{"start":{"line":20,"column":13},"end":{"line":20,"column":44}},"11":{"start":{"line":21,"column":16},"end":{"line":21,"column":18}},"12":{"start":{"line":24,"column":2},"end":{"line":27,"column":59}},"13":{"start":{"line":25,"column":4},"end":{"line":25,"column":55}},"14":{"start":{"line":27,"column":4},"end":{"line":27,"column":59}},"15":{"start":{"line":29,"column":2},"end":{"line":29,"column":19}},"16":{"start":{"line":33,"column":0},"end":{"line":39,"column":2}},"17":{"start":{"line":34,"column":2},"end":{"line":38,"column":25}},"18":{"start":{"line":35,"column":12},"end":{"line":35,"column":93}},"19":{"start":{"line":36,"column":4},"end":{"line":37,"column":20}},"20":{"start":{"line":36,"column":12},"end":{"line":36,"column":47}},"21":{"start":{"line":37,"column":9},"end":{"line":37,"column":20}},"22":{"start":{"line":38,"column":16},"end":{"line":38,"column":23}},"23":{"start":{"line":42,"column":0},"end":{"line":48,"column":2}},"24":{"start":{"line":43,"column":2},"end":{"line":47,"column":25}},"25":{"start":{"line":44,"column":12},"end":{"line":44,"column":69}},"26":{"start":{"line":45,"column":4},"end":{"line":46,"column":20}},"27":{"start":{"line":45,"column":12},"end":{"line":45,"column":47}},"28":{"start":{"line":46,"column":9},"end":{"line":46,"column":20}},"29":{"start":{"line":47,"column":16},"end":{"line":47,"column":23}},"30":{"start":{"line":51,"column":0},"end":{"line":54,"column":2}},"31":{"start":{"line":52,"column":22},"end":{"line":52,"column":72}},"32":{"start":{"line":53,"column":2},"end":{"line":53,"column":23}},"33":{"start":{"line":57,"column":0},"end":{"line":77,"column":2}},"34":{"start":{"line":58,"column":2},"end":{"line":76,"column":3}},"35":{"start":{"line":59,"column":24},"end":{"line":59,"column":74}},"36":{"start":{"line":60,"column":19},"end":{"line":60,"column":21}},"37":{"start":{"line":61,"column":4},"end":{"line":72,"column":5}},"38":{"start":{"line":62,"column":6},"end":{"line":62,"column":92}},"39":{"start":{"line":62,"column":47},"end":{"line":62,"column":92}},"40":{"start":{"line":63,"column":19},"end":{"line":63,"column":70}},"41":{"start":{"line":64,"column":18},"end":{"line":64,"column":19}},"42":{"start":{"line":65,"column":18},"end":{"line":65,"column":19}},"43":{"start":{"line":66,"column":6},"end":{"line":69,"column":7}},"44":{"start":{"line":67,"column":8},"end":{"line":67,"column":28}},"45":{"start":{"line":68,"column":8},"end":{"line":68,"column":28}},"46":{"start":{"line":70,"column":16},"end":{"line":70,"column":29}},"47":{"start":{"line":71,"column":6},"end":{"line":71,"column":36}},"48":{"start":{"line":73,"column":4},"end":{"line":73,"column":22}},"49":{"start":{"line":75,"column":4},"end":{"line":75,"column":27}},"50":{"start":{"line":80,"column":0},"end":{"line":92,"column":2}},"51":{"start":{"line":81,"column":2},"end":{"line":91,"column":3}},"52":{"start":{"line":82,"column":24},"end":{"line":82,"column":74}},"53":{"start":{"line":83,"column":17},"end":{"line":83,"column":19}},"54":{"start":{"line":84,"column":4},"end":{"line":87,"column":5}},"55":{"start":{"line":85,"column":18},"end":{"line":85,"column":72}},"56":{"start":{"line":86,"column":6},"end":{"line":86,"column":36}},"57":{"start":{"line":88,"column":4},"end":{"line":88,"column":20}},"58":{"start":{"line":90,"column":4},"end":{"line":90,"column":27}},"59":{"start":{"line":95,"column":0},"end":{"line":106,"column":2}},"60":{"start":{"line":96,"column":2},"end":{"line":105,"column":25}},"61":{"start":{"line":97,"column":19},"end":{"line":97,"column":69}},"62":{"start":{"line":98,"column":4},"end":{"line":98,"column":52}},"63":{"start":{"line":98,"column":17},"end":{"line":98,"column":52}},"64":{"start":{"line":99,"column":14},"end":{"line":99,"column":16}},"65":{"start":{"line":100,"column":4},"end":{"line":103,"column":5}},"66":{"start":{"line":101,"column":19},"end":{"line":101,"column":42}},"67":{"start":{"line":102,"column":6},"end":{"line":102,"column":77}},"68":{"start":{"line":104,"column":4},"end":{"line":104,"column":17}},"69":{"start":{"line":105,"column":16},"end":{"line":105,"column":23}},"70":{"start":{"line":111,"column":0},"end":{"line":124,"column":2}},"71":{"start":{"line":112,"column":2},"end":{"line":123,"column":26}},"72":{"start":{"line":113,"column":17},"end":{"line":113,"column":96}},"73":{"start":{"line":114,"column":4},"end":{"line":122,"column":5}},"74":{"start":{"line":114,"column":18},"end":{"line":114,"column":51}},"75":{"start":{"line":116,"column":6},"end":{"line":116,"column":38}},"76":{"start":{"line":117,"column":6},"end":{"line":117,"column":44}},"77":{"start":{"line":118,"column":6},"end":{"line":121,"column":29}},"78":{"start":{"line":119,"column":24},"end":{"line":119,"column":53}},"79":{"start":{"line":120,"column":8},"end":{"line":120,"column":34}},"80":{"start":{"line":121,"column":20},"end":{"line":121,"column":27}},"81":{"start":{"line":123,"column":17},"end":{"line":123,"column":24}},"82":{"start":{"line":127,"column":0},"end":{"line":133,"column":2}},"83":{"start":{"line":128,"column":24},"end":{"line":128,"column":57}},"84":{"start":{"line":129,"column":4},"end":{"line":129,"column":41}},"85":{"start":{"line":130,"column":4},"end":{"line":130,"column":43}},"86":{"start":{"line":131,"column":4},"end":{"line":131,"column":30}},"87":{"start":{"line":132,"column":4},"end":{"line":132,"column":27}},"88":{"start":{"line":136,"column":0},"end":{"line":143,"column":2}},"89":{"start":{"line":137,"column":15},"end":{"line":137,"column":72}},"90":{"start":{"line":138,"column":2},"end":{"line":138,"column":42}},"91":{"start":{"line":138,"column":15},"end":{"line":138,"column":42}},"92":{"start":{"line":139,"column":2},"end":{"line":140,"column":34}},"93":{"start":{"line":140,"column":4},"end":{"line":140,"column":34}},"94":{"start":{"line":141,"column":2},"end":{"line":141,"column":21}},"95":{"start":{"line":142,"column":2},"end":{"line":142,"column":40}},"96":{"start":{"line":145,"column":0},"end":{"line":145,"column":23}}},"fnMap":{"0":{"name":"(anonymous_0)","decl":{"start":{"line":19,"column":31},"end":{"line":19,"column":32}},"loc":{"start":{"line":19,"column":57},"end":{"line":30,"column":1}},"line":19},"1":{"name":"(anonymous_1)","decl":{"start":{"line":33,"column":53},"end":{"line":33,"column":54}},"loc":{"start":{"line":33,"column":79},"end":{"line":39,"column":1}},"line":33},"2":{"name":"(anonymous_2)","decl":{"start":{"line":42,"column":45},"end":{"line":42,"column":46}},"loc":{"start":{"line":42,"column":71},"end":{"line":48,"column":1}},"line":42},"3":{"name":"(anonymous_3)","decl":{"start":{"line":51,"column":42},"end":{"line":51,"column":43}},"loc":{"start":{"line":51,"column":68},"end":{"line":54,"column":1}},"line":51},"4":{"name":"(anonymous_4)","decl":{"start":{"line":57,"column":67},"end":{"line":57,"column":68}},"loc":{"start":{"line":57,"column":93},"end":{"line":77,"column":1}},"line":57},"5":{"name":"(anonymous_5)","decl":{"start":{"line":80,"column":37},"end":{"line":80,"column":38}},"loc":{"start":{"line":80,"column":63},"end":{"line":92,"column":1}},"line":80},"6":{"name":"(anonymous_6)","decl":{"start":{"line":95,"column":53},"end":{"line":95,"column":54}},"loc":{"start":{"line":95,"column":79},"end":{"line":106,"column":1}},"line":95},"7":{"name":"(anonymous_7)","decl":{"start":{"line":111,"column":44},"end":{"line":111,"column":45}},"loc":{"start":{"line":111,"column":70},"end":{"line":124,"column":1}},"line":111},"8":{"name":"(anonymous_8)","decl":{"start":{"line":127,"column":58},"end":{"line":127,"column":59}},"loc":{"start":{"line":127,"column":84},"end":{"line":133,"column":1}},"line":127},"9":{"name":"(anonymous_9)","decl":{"start":{"line":136,"column":43},"end":{"line":136,"column":44}},"loc":{"start":{"line":136,"column":63},"end":{"line":143,"column":1}},"line":136}},"branchMap":{"0":{"loc":{"start":{"line":24,"column":2},"end":{"line":27,"column":59}},"type":"if","locations":[{"start":{"line":24,"column":2},"end":{"line":27,"column":59}},{"start":{"line":24,"column":2},"end":{"line":27,"column":59}}],"line":24},"1":{"loc":{"start":{"line":36,"column":4},"end":{"line":37,"column":20}},"type":"if","locations":[{"start":{"line":36,"column":4},"end":{"line":37,"column":20}},{"start":{"line":36,"column":4},"end":{"line":37,"column":20}}],"line":36},"2":{"loc":{"start":{"line":45,"column":4},"end":{"line":46,"column":20}},"type":"if","locations":[{"start":{"line":45,"column":4},"end":{"line":46,"column":20}},{"start":{"line":45,"column":4},"end":{"line":46,"column":20}}],"line":45},"3":{"loc":{"start":{"line":62,"column":6},"end":{"line":62,"column":92}},"type":"if","locations":[{"start":{"line":62,"column":6},"end":{"line":62,"column":92}},{"start":{"line":62,"column":6},"end":{"line":62,"column":92}}],"line":62},"4":{"loc":{"start":{"line":98,"column":4},"end":{"line":98,"column":52}},"type":"if","locations":[{"start":{"line":98,"column":4},"end":{"line":98,"column":52}},{"start":{"line":98,"column":4},"end":{"line":98,"column":52}}],"line":98},"5":{"loc":{"start":{"line":114,"column":4},"end":{"line":122,"column":5}},"type":"if","locations":[{"start":{"line":114,"column":4},"end":{"line":122,"column":5}},{"start":{"line":114,"column":4},"end":{"line":122,"column":5}}],"line":114},"6":{"loc":{"start":{"line":138,"column":2},"end":{"line":138,"column":42}},"type":"if","locations":[{"start":{"line":138,"column":2},"end":{"line":138,"column":42}},{"start":{"line":138,"column":2},"end":{"line":138,"column":42}}],"line":138},"7":{"loc":{"start":{"line":139,"column":2},"end":{"line":140,"column":34}},"type":"if","locations":[{"start":{"line":139,"column":2},"end":{"line":140,"column":34}},{"start":{"line":139,"column":2},"end":{"line":140,"column":34}}],"line":139}},"s":{"0":3,"1":3,"2":3,"3":3,"4":3,"5":3,"6":3,"7":3,"8":3,"9":3,"10":0,"11":0,"12":0,"13":0,"14":0,"15":0,"16":3,"17":0,"18":0,"19":0,"20":0,"21":0,"22":0,"23":3,"24":0,"25":0,"26":0,"27":0,"28":0,"29":0,"30":3,"31":0,"32":0,"33":3,"34":0,"35":0,"36":0,"37":0,"38":0,"39":0,"40":0,"41":0,"42":0,"43":0,"44":0,"45":0,"46":0,"47":0,"48":0,"49":0,"50":3,"51":0,"52":0,"53":0,"54":0,"55":0,"56":0,"57":0,"58":0,"59":3,"60":0,"61":0,"62":0,"63":0,"64":0,"65":0,"66":0,"67":0,"68":0,"69":0,"70":3,"71":0,"72":0,"73":0,"74":0,"75":0,"76":0,"77":0,"78":0,"79":0,"80":0,"81":0,"82":3,"83":0,"84":0,"85":0,"86":0,"87":0,"88":3,"89":0,"90":0,"91":0,"92":0,"93":0,"94":0,"95":0,"96":3},"f":{"0":0,"1":0,"2":0,"3":0,"4":0,"5":0,"6":0,"7":0,"8":0,"9":0},"b":{"0":[0,0],"1":[0,0],"2":[0,0],"3":[0,0],"4":[0,0],"5":[0,0],"6":[0,0],"7":[0,0]},"_coverageSchema":"43e27e138ebf9cfc5966b082cf9a028302ed4184","hash":"fa6cd168db0b1a70891e73501e0c0e3bb9bbd660"}
,"/home/cins430/Gradebook/routes/gradeRoutes.js": {"path":"/home/cins430/Gradebook/routes/gradeRoutes.js","statementMap":{"0":{"start":{"line":3,"column":14},"end":{"line":3,"column":32}},"1":{"start":{"line":4,"column":13},"end":{"line":4,"column":29}},"2":{"start":{"line":6,"column":12},"end":{"line":6,"column":38}},"3":{"start":{"line":7,"column":17},"end":{"line":7,"column":48}},"4":{"start":{"line":8,"column":13},"end":{"line":8,"column":40}},"5":{"start":{"line":10,"column":34},"end":{"line":10,"column":52}},"6":{"start":{"line":13,"column":0},"end":{"line":25,"column":2}},"7":{"start":{"line":14,"column":15},"end":{"line":14,"column":85}},"8":{"start":{"line":15,"column":2},"end":{"line":15,"column":43}},"9":{"start":{"line":15,"column":15},"end":{"line":15,"column":43}},"10":{"start":{"line":17,"column":17},"end":{"line":17,"column":86}},"11":{"start":{"line":18,"column":14},"end":{"line":18,"column":15}},"12":{"start":{"line":18,"column":25},"end":{"line":18,"column":26}},"13":{"start":{"line":19,"column":2},"end":{"line":22,"column":3}},"14":{"start":{"line":20,"column":4},"end":{"line":20,"column":24}},"15":{"start":{"line":21,"column":4},"end":{"line":21,"column":24}},"16":{"start":{"line":23,"column":14},"end":{"line":23,"column":43}},"17":{"start":{"line":24,"column":2},"end":{"line":24,"column":28}},"18":{"start":{"line":28,"column":0},"end":{"line":35,"column":3}},"19":{"start":{"line":29,"column":19},"end":{"line":29,"column":59}},"20":{"start":{"line":31,"column":2},"end":{"line":31,"column":79}},"21":{"start":{"line":31,"column":43},"end":{"line":31,"column":79}},"22":{"start":{"line":33,"column":15},"end":{"line":33,"column":65}},"23":{"start":{"line":34,"column":2},"end":{"line":34,"column":18}},"24":{"start":{"line":38,"column":0},"end":{"line":52,"column":3}},"25":{"start":{"line":39,"column":15},"end":{"line":39,"column":72}},"26":{"start":{"line":41,"column":2},"end":{"line":41,"column":48}},"27":{"start":{"line":41,"column":15},"end":{"line":41,"column":48}},"28":{"start":{"line":42,"column":2},"end":{"line":42,"column":75}},"29":{"start":{"line":42,"column":39},"end":{"line":42,"column":75}},"30":{"start":{"line":44,"column":2},"end":{"line":50,"column":3}},"31":{"start":{"line":45,"column":4},"end":{"line":45,"column":44}},"32":{"start":{"line":46,"column":16},"end":{"line":46,"column":159}},"33":{"start":{"line":47,"column":4},"end":{"line":47,"column":19}},"34":{"start":{"line":49,"column":4},"end":{"line":49,"column":27}},"35":{"start":{"line":55,"column":0},"end":{"line":73,"column":3}},"36":{"start":{"line":56,"column":15},"end":{"line":56,"column":72}},"37":{"start":{"line":58,"column":2},"end":{"line":58,"column":48}},"38":{"start":{"line":58,"column":15},"end":{"line":58,"column":48}},"39":{"start":{"line":59,"column":2},"end":{"line":59,"column":75}},"40":{"start":{"line":59,"column":39},"end":{"line":59,"column":75}},"41":{"start":{"line":61,"column":2},"end":{"line":71,"column":3}},"42":{"start":{"line":62,"column":17},"end":{"line":62,"column":19}},"43":{"start":{"line":63,"column":4},"end":{"line":67,"column":6}},"44":{"start":{"line":64,"column":6},"end":{"line":64,"column":43}},"45":{"start":{"line":65,"column":21},"end":{"line":65,"column":155}},"46":{"start":{"line":66,"column":6},"end":{"line":66,"column":27}},"47":{"start":{"line":68,"column":4},"end":{"line":68,"column":20}},"48":{"start":{"line":70,"column":4},"end":{"line":70,"column":27}},"49":{"start":{"line":75,"column":0},"end":{"line":75,"column":23}}},"fnMap":{"0":{"name":"(anonymous_0)","decl":{"start":{"line":13,"column":37},"end":{"line":13,"column":38}},"loc":{"start":{"line":13,"column":63},"end":{"line":25,"column":1}},"line":13},"1":{"name":"(anonymous_1)","decl":{"start":{"line":28,"column":56},"end":{"line":28,"column":57}},"loc":{"start":{"line":28,"column":82},"end":{"line":35,"column":1}},"line":28},"2":{"name":"(anonymous_2)","decl":{"start":{"line":38,"column":53},"end":{"line":38,"column":54}},"loc":{"start":{"line":38,"column":79},"end":{"line":52,"column":1}},"line":38},"3":{"name":"(anonymous_3)","decl":{"start":{"line":55,"column":58},"end":{"line":55,"column":59}},"loc":{"start":{"line":55,"column":84},"end":{"line":73,"column":1}},"line":55},"4":{"name":"(anonymous_4)","decl":{"start":{"line":63,"column":28},"end":{"line":63,"column":29}},"loc":{"start":{"line":63,"column":45},"end":{"line":67,"column":5}},"line":63}},"branchMap":{"0":{"loc":{"start":{"line":15,"column":2},"end":{"line":15,"column":43}},"type":"if","locations":[{"start":{"line":15,"column":2},"end":{"line":15,"column":43}},{"start":{"line":15,"column":2},"end":{"line":15,"column":43}}],"line":15},"1":{"loc":{"start":{"line":23,"column":14},"end":{"line":23,"column":43}},"type":"cond-expr","locations":[{"start":{"line":23,"column":26},"end":{"line":23,"column":39}},{"start":{"line":23,"column":42},"end":{"line":23,"column":43}}],"line":23},"2":{"loc":{"start":{"line":31,"column":2},"end":{"line":31,"column":79}},"type":"if","locations":[{"start":{"line":31,"column":2},"end":{"line":31,"column":79}},{"start":{"line":31,"column":2},"end":{"line":31,"column":79}}],"line":31},"3":{"loc":{"start":{"line":41,"column":2},"end":{"line":41,"column":48}},"type":"if","locations":[{"start":{"line":41,"column":2},"end":{"line":41,"column":48}},{"start":{"line":41,"column":2},"end":{"line":41,"column":48}}],"line":41},"4":{"loc":{"start":{"line":42,"column":2},"end":{"line":42,"column":75}},"type":"if","locations":[{"start":{"line":42,"column":2},"end":{"line":42,"column":75}},{"start":{"line":42,"column":2},"end":{"line":42,"column":75}}],"line":42},"5":{"loc":{"start":{"line":58,"column":2},"end":{"line":58,"column":48}},"type":"if","locations":[{"start":{"line":58,"column":2},"end":{"line":58,"column":48}},{"start":{"line":58,"column":2},"end":{"line":58,"column":48}}],"line":58},"6":{"loc":{"start":{"line":59,"column":2},"end":{"line":59,"column":75}},"type":"if","locations":[{"start":{"line":59,"column":2},"end":{"line":59,"column":75}},{"start":{"line":59,"column":2},"end":{"line":59,"column":75}}],"line":59}},"s":{"0":3,"1":3,"2":3,"3":3,"4":3,"5":3,"6":3,"7":0,"8":0,"9":0,"10":0,"11":0,"12":0,"13":0,"14":0,"15":0,"16":0,"17":0,"18":3,"19":2,"20":2,"21":0,"22":0,"23":0,"24":3,"25":0,"26":0,"27":0,"28":0,"29":0,"30":0,"31":0,"32":0,"33":0,"34":0,"35":3,"36":0,"37":0,"38":0,"39":0,"40":0,"41":0,"42":0,"43":0,"44":0,"45":0,"46":0,"47":0,"48":0,"49":3},"f":{"0":0,"1":2,"2":0,"3":0,"4":0},"b":{"0":[0,0],"1":[0,0],"2":[0,0],"3":[0,0],"4":[0,0],"5":[0,0],"6":[0,0]},"_coverageSchema":"43e27e138ebf9cfc5966b082cf9a028302ed4184","hash":"30ed66867c84235bab06c2cf7dd3dc64a66c377b"}
,"/home/cins430/Gradebook/routes/index.js": {"path":"/home/cins430/Gradebook/routes/index.js","statementMap":{"0":{"start":{"line":1,"column":14},"end":{"line":1,"column":32}},"1":{"start":{"line":1,"column":43},"end":{"line":1,"column":59}},"2":{"start":{"line":3,"column":0},"end":{"line":3,"column":59}},"3":{"start":{"line":4,"column":0},"end":{"line":4,"column":51}},"4":{"start":{"line":5,"column":0},"end":{"line":5,"column":49}},"5":{"start":{"line":6,"column":0},"end":{"line":6,"column":47}},"6":{"start":{"line":8,"column":0},"end":{"line":8,"column":23}}},"fnMap":{},"branchMap":{},"s":{"0":3,"1":3,"2":3,"3":3,"4":3,"5":3,"6":3},"f":{},"b":{},"_coverageSchema":"43e27e138ebf9cfc5966b082cf9a028302ed4184","hash":"d089bf88e6b83484bebb39809bfb0d30bdf9d210"}
,"/home/cins430/Gradebook/routes/userRoutes.js": {"path":"/home/cins430/Gradebook/routes/userRoutes.js","statementMap":{"0":{"start":{"line":3,"column":14},"end":{"line":3,"column":32}},"1":{"start":{"line":4,"column":13},"end":{"line":4,"column":29}},"2":{"start":{"line":6,"column":11},"end":{"line":6,"column":36}},"3":{"start":{"line":8,"column":15},"end":{"line":8,"column":34}},"4":{"start":{"line":9,"column":12},"end":{"line":9,"column":35}},"5":{"start":{"line":11,"column":34},"end":{"line":11,"column":52}},"6":{"start":{"line":14,"column":0},"end":{"line":19,"column":2}},"7":{"start":{"line":15,"column":2},"end":{"line":18,"column":29}},"8":{"start":{"line":16,"column":15},"end":{"line":16,"column":46}},"9":{"start":{"line":17,"column":4},"end":{"line":17,"column":18}},"10":{"start":{"line":18,"column":16},"end":{"line":18,"column":27}},"11":{"start":{"line":22,"column":0},"end":{"line":47,"column":3}},"12":{"start":{"line":24,"column":15},"end":{"line":24,"column":63}},"13":{"start":{"line":25,"column":4},"end":{"line":46,"column":5}},"14":{"start":{"line":25,"column":14},"end":{"line":25,"column":45}},"15":{"start":{"line":29,"column":27},"end":{"line":29,"column":64}},"16":{"start":{"line":31,"column":20},"end":{"line":37,"column":8}},"17":{"start":{"line":40,"column":18},"end":{"line":40,"column":95}},"18":{"start":{"line":42,"column":6},"end":{"line":45,"column":44}},"19":{"start":{"line":49,"column":0},"end":{"line":49,"column":23}}},"fnMap":{"0":{"name":"(anonymous_0)","decl":{"start":{"line":14,"column":29},"end":{"line":14,"column":30}},"loc":{"start":{"line":14,"column":49},"end":{"line":19,"column":1}},"line":14},"1":{"name":"(anonymous_1)","decl":{"start":{"line":22,"column":17},"end":{"line":22,"column":18}},"loc":{"start":{"line":22,"column":42},"end":{"line":47,"column":1}},"line":22}},"branchMap":{"0":{"loc":{"start":{"line":25,"column":4},"end":{"line":46,"column":5}},"type":"if","locations":[{"start":{"line":25,"column":4},"end":{"line":46,"column":5}},{"start":{"line":25,"column":4},"end":{"line":46,"column":5}}],"line":25}},"s":{"0":3,"1":3,"2":3,"3":3,"4":3,"5":3,"6":3,"7":0,"8":0,"9":0,"10":0,"11":3,"12":0,"13":0,"14":0,"15":0,"16":0,"17":0,"18":0,"19":3},"f":{"0":0,"1":0},"b":{"0":[0,0]},"_coverageSchema":"43e27e138ebf9cfc5966b082cf9a028302ed4184","hash":"2a303dc438f247f589baa9c2ab96469711587bcb"}
}
