TN:
SF:/home/cins430/Gradebook/auth.js
FN:8,authCheck
FN:16,(anonymous_1)
FN:28,teacherCheck
FNF:3
FNH:3
FNDA:2,authCheck
FNDA:2,(anonymous_1)
FNDA:2,teacherCheck
DA:1,3
DA:4,3
DA:6,3
DA:9,2
DA:10,2
DA:12,2
DA:13,0
DA:14,2
DA:15,0
DA:16,2
DA:17,2
DA:18,0
DA:19,0
DA:21,2
DA:23,2
DA:29,2
DA:30,2
DA:31,2
DA:32,2
DA:33,0
DA:36,3
LF:21
LH:16
BRDA:12,0,0,0
BRDA:12,0,1,2
BRDA:12,1,0,2
BRDA:12,1,1,2
BRDA:14,2,0,0
BRDA:14,2,1,2
BRDA:17,3,0,0
BRDA:17,3,1,2
BRDA:31,4,0,0
BRDA:31,4,1,2
BRF:10
BRH:6
end_of_record
TN:
SF:/home/cins430/Gradebook/index.js
FN:27,(anonymous_0)
FN:60,(anonymous_1)
FN:69,(anonymous_2)
FN:82,(anonymous_3)
FN:89,(anonymous_4)
FN:100,(anonymous_5)
FN:110,(anonymous_6)
FN:121,(anonymous_7)
FN:142,(anonymous_8)
FNF:9
FNH:2
FNDA:0,(anonymous_0)
FNDA:0,(anonymous_1)
FNDA:0,(anonymous_2)
FNDA:1,(anonymous_3)
FNDA:1,(anonymous_4)
FNDA:0,(anonymous_5)
FNDA:0,(anonymous_6)
FNDA:0,(anonymous_7)
FNDA:0,(anonymous_8)
DA:2,3
DA:5,3
DA:6,3
DA:7,3
DA:10,3
DA:11,3
DA:12,3
DA:13,3
DA:14,3
DA:15,3
DA:18,3
DA:19,3
DA:20,3
DA:21,3
DA:24,3
DA:27,3
DA:28,0
DA:29,0
DA:32,3
DA:35,3
DA:38,3
DA:39,3
DA:42,3
DA:46,3
DA:49,3
DA:52,3
DA:54,3
DA:55,3
DA:60,3
DA:61,0
DA:62,0
DA:63,0
DA:64,0
DA:69,3
DA:70,0
DA:71,0
DA:72,0
DA:73,0
DA:74,0
DA:75,0
DA:76,0
DA:77,0
DA:78,0
DA:82,3
DA:84,1
DA:86,1
DA:87,1
DA:89,1
DA:90,1
DA:92,1
DA:95,1
DA:101,0
DA:102,0
DA:103,0
DA:110,3
DA:111,0
DA:112,0
DA:113,0
DA:115,0
DA:116,0
DA:118,0
DA:121,3
DA:122,0
DA:123,0
DA:124,0
DA:125,0
DA:126,0
DA:127,0
DA:128,0
DA:129,0
DA:130,0
DA:131,0
DA:132,0
DA:133,0
DA:134,0
DA:135,0
DA:137,0
DA:138,0
DA:142,3
DA:143,0
DA:144,0
DA:145,0
DA:149,3
DA:151,3
LF:84
LH:41
BRDA:72,0,0,0
BRDA:72,0,1,0
BRDA:73,1,0,0
BRDA:73,1,1,0
BRDA:87,2,0,0
BRDA:87,2,1,1
BRDA:90,3,0,0
BRDA:90,3,1,1
BRDA:113,4,0,0
BRDA:113,4,1,0
BRDA:124,5,0,0
BRDA:124,5,1,0
BRDA:126,6,0,0
BRDA:126,6,1,0
BRDA:127,7,0,0
BRDA:127,7,1,0
BRDA:128,8,0,0
BRDA:128,8,1,0
BRDA:132,9,0,0
BRDA:132,9,1,0
BRDA:134,10,0,0
BRDA:134,10,1,0
BRDA:135,11,0,0
BRDA:135,11,1,0
BRDA:144,12,0,0
BRDA:144,12,1,0
BRF:26
BRH:2
end_of_record
TN:
SF:/home/cins430/Gradebook/models/assignment.js
FNF:0
FNH:0
DA:1,3
DA:3,3
DA:11,3
LF:3
LH:3
BRF:0
BRH:0
end_of_record
TN:
SF:/home/cins430/Gradebook/models/course.js
FNF:0
FNH:0
DA:1,3
DA:3,3
DA:13,3
LF:3
LH:3
BRF:0
BRH:0
end_of_record
TN:
SF:/home/cins430/Gradebook/models/grade.js
FNF:0
FNH:0
DA:1,3
DA:3,3
DA:11,3
LF:3
LH:3
BRF:0
BRH:0
end_of_record
TN:
SF:/home/cins430/Gradebook/models/user.js
FNF:0
FNH:0
DA:1,3
DA:3,3
DA:11,3
LF:3
LH:3
BRF:0
BRH:0
end_of_record
TN:
SF:/home/cins430/Gradebook/routes/assignmentRoutes.js
FN:11,(anonymous_0)
FN:22,(anonymous_1)
FN:39,(anonymous_2)
FNF:3
FNH:0
FNDA:0,(anonymous_0)
FNDA:0,(anonymous_1)
FNDA:0,(anonymous_2)
DA:3,3
DA:4,3
DA:6,3
DA:8,3
DA:11,3
DA:12,0
DA:13,0
DA:14,0
DA:15,0
DA:16,0
DA:17,0
DA:18,0
DA:22,3
DA:23,0
DA:24,0
DA:25,0
DA:26,0
DA:27,0
DA:28,0
DA:29,0
DA:30,0
DA:31,0
DA:32,0
DA:34,0
DA:35,0
DA:39,3
DA:40,0
DA:41,0
DA:42,0
DA:43,0
DA:44,0
DA:45,0
DA:48,3
LF:33
LH:8
BRDA:14,0,0,0
BRDA:14,0,1,0
BRDA:15,1,0,0
BRDA:15,1,1,0
BRDA:25,2,0,0
BRDA:25,2,1,0
BRDA:26,3,0,0
BRDA:26,3,1,0
BRDA:42,4,0,0
BRDA:42,4,1,0
BRDA:43,5,0,0
BRDA:43,5,1,0
BRF:12
BRH:0
end_of_record
TN:
SF:/home/cins430/Gradebook/routes/courseRoutes.js
FN:19,(anonymous_0)
FN:33,(anonymous_1)
FN:42,(anonymous_2)
FN:51,(anonymous_3)
FN:57,(anonymous_4)
FN:80,(anonymous_5)
FN:95,(anonymous_6)
FN:111,(anonymous_7)
FN:127,(anonymous_8)
FN:136,(anonymous_9)
FNF:10
FNH:0
FNDA:0,(anonymous_0)
FNDA:0,(anonymous_1)
FNDA:0,(anonymous_2)
FNDA:0,(anonymous_3)
FNDA:0,(anonymous_4)
FNDA:0,(anonymous_5)
FNDA:0,(anonymous_6)
FNDA:0,(anonymous_7)
FNDA:0,(anonymous_8)
FNDA:0,(anonymous_9)
DA:3,3
DA:4,3
DA:6,3
DA:7,3
DA:8,3
DA:9,3
DA:11,3
DA:12,3
DA:14,3
DA:19,3
DA:20,0
DA:21,0
DA:24,0
DA:25,0
DA:27,0
DA:29,0
DA:33,3
DA:34,0
DA:35,0
DA:36,0
DA:37,0
DA:38,0
DA:42,3
DA:43,0
DA:44,0
DA:45,0
DA:46,0
DA:47,0
DA:51,3
DA:52,0
DA:53,0
DA:57,3
DA:58,0
DA:59,0
DA:60,0
DA:61,0
DA:62,0
DA:63,0
DA:64,0
DA:65,0
DA:66,0
DA:67,0
DA:68,0
DA:70,0
DA:71,0
DA:73,0
DA:75,0
DA:80,3
DA:81,0
DA:82,0
DA:83,0
DA:84,0
DA:85,0
DA:86,0
DA:88,0
DA:90,0
DA:95,3
DA:96,0
DA:97,0
DA:98,0
DA:99,0
DA:100,0
DA:101,0
DA:102,0
DA:104,0
DA:105,0
DA:111,3
DA:112,0
DA:113,0
DA:114,0
DA:116,0
DA:117,0
DA:118,0
DA:119,0
DA:120,0
DA:121,0
DA:123,0
DA:127,3
DA:128,0
DA:129,0
DA:130,0
DA:131,0
DA:132,0
DA:136,3
DA:137,0
DA:138,0
DA:139,0
DA:140,0
DA:141,0
DA:142,0
DA:145,3
LF:91
LH:20
BRDA:24,0,0,0
BRDA:24,0,1,0
BRDA:36,1,0,0
BRDA:36,1,1,0
BRDA:45,2,0,0
BRDA:45,2,1,0
BRDA:62,3,0,0
BRDA:62,3,1,0
BRDA:98,4,0,0
BRDA:98,4,1,0
BRDA:114,5,0,0
BRDA:114,5,1,0
BRDA:138,6,0,0
BRDA:138,6,1,0
BRDA:139,7,0,0
BRDA:139,7,1,0
BRF:16
BRH:0
end_of_record
TN:
SF:/home/cins430/Gradebook/routes/gradeRoutes.js
FN:13,(anonymous_0)
FN:28,(anonymous_1)
FN:38,(anonymous_2)
FN:55,(anonymous_3)
FN:63,(anonymous_4)
FNF:5
FNH:1
FNDA:0,(anonymous_0)
FNDA:2,(anonymous_1)
FNDA:0,(anonymous_2)
FNDA:0,(anonymous_3)
FNDA:0,(anonymous_4)
DA:3,3
DA:4,3
DA:6,3
DA:7,3
DA:8,3
DA:10,3
DA:13,3
DA:14,0
DA:15,0
DA:17,0
DA:18,0
DA:19,0
DA:20,0
DA:21,0
DA:23,0
DA:24,0
DA:28,3
DA:29,2
DA:31,2
DA:33,0
DA:34,0
DA:38,3
DA:39,0
DA:41,0
DA:42,0
DA:44,0
DA:45,0
DA:46,0
DA:47,0
DA:49,0
DA:55,3
DA:56,0
DA:58,0
DA:59,0
DA:61,0
DA:62,0
DA:63,0
DA:64,0
DA:65,0
DA:66,0
DA:68,0
DA:70,0
DA:75,3
LF:43
LH:13
BRDA:15,0,0,0
BRDA:15,0,1,0
BRDA:23,1,0,0
BRDA:23,1,1,0
BRDA:31,2,0,0
BRDA:31,2,1,0
BRDA:41,3,0,0
BRDA:41,3,1,0
BRDA:42,4,0,0
BRDA:42,4,1,0
BRDA:58,5,0,0
BRDA:58,5,1,0
BRDA:59,6,0,0
BRDA:59,6,1,0
BRF:14
BRH:0
end_of_record
TN:
SF:/home/cins430/Gradebook/routes/index.js
FNF:0
FNH:0
DA:1,3
DA:3,3
DA:4,3
DA:5,3
DA:6,3
DA:8,3
LF:6
LH:6
BRF:0
BRH:0
end_of_record
TN:
SF:/home/cins430/Gradebook/routes/userRoutes.js
FN:14,(anonymous_0)
FN:22,(anonymous_1)
FNF:2
FNH:0
FNDA:0,(anonymous_0)
FNDA:0,(anonymous_1)
DA:3,3
DA:4,3
DA:6,3
DA:8,3
DA:9,3
DA:11,3
DA:14,3
DA:15,0
DA:16,0
DA:17,0
DA:18,0
DA:22,3
DA:24,0
DA:25,0
DA:29,0
DA:31,0
DA:40,0
DA:42,0
DA:49,3
LF:19
LH:9
BRDA:25,0,0,0
BRDA:25,0,1,0
BRF:2
BRH:0
end_of_record
